0 info it worked if it ends with ok
1 verbose cli [ '/usr/local/bin/node',
1 verbose cli   '/usr/local/bin/npm',
1 verbose cli   'install',
1 verbose cli   'phash',
1 verbose cli   '--save' ]
2 info using npm@2.11.3
3 info using node@v0.12.7
4 verbose install initial load of /home/marco/apps/escrape2/package.json
5 verbose installManyTop reading scoped package data from /home/marco/apps/escrape2/node_modules/async/package.json
6 verbose installManyTop reading scoped package data from /home/marco/apps/escrape2/node_modules/body-parser/package.json
7 verbose installManyTop reading scoped package data from /home/marco/apps/escrape2/node_modules/bower/package.json
8 verbose installManyTop reading scoped package data from /home/marco/apps/escrape2/node_modules/chai/package.json
9 verbose installManyTop reading scoped package data from /home/marco/apps/escrape2/node_modules/cheerio/package.json
10 verbose installManyTop reading scoped package data from /home/marco/apps/escrape2/node_modules/cookie-parser/package.json
11 verbose installManyTop reading scoped package data from /home/marco/apps/escrape2/node_modules/debug/package.json
12 verbose installManyTop reading scoped package data from /home/marco/apps/escrape2/node_modules/delayed-request/package.json
13 verbose installManyTop reading scoped package data from /home/marco/apps/escrape2/node_modules/express/package.json
14 verbose installManyTop reading scoped package data from /home/marco/apps/escrape2/node_modules/function-rate-limit/package.json
15 verbose installManyTop reading scoped package data from /home/marco/apps/escrape2/node_modules/imagediff/package.json
16 verbose installManyTop reading scoped package data from /home/marco/apps/escrape2/node_modules/jade/package.json
17 verbose installManyTop reading scoped package data from /home/marco/apps/escrape2/node_modules/jscs/package.json
18 verbose installManyTop reading scoped package data from /home/marco/apps/escrape2/node_modules/jshint/package.json
19 verbose installManyTop reading scoped package data from /home/marco/apps/escrape2/node_modules/lodash/package.json
20 verbose installManyTop reading scoped package data from /home/marco/apps/escrape2/node_modules/md5/package.json
21 verbose installManyTop reading scoped package data from /home/marco/apps/escrape2/node_modules/method-override/package.json
22 verbose installManyTop reading scoped package data from /home/marco/apps/escrape2/node_modules/mkdirp/package.json
23 verbose installManyTop reading scoped package data from /home/marco/apps/escrape2/node_modules/mocha/package.json
24 verbose installManyTop reading scoped package data from /home/marco/apps/escrape2/node_modules/mongoose/package.json
25 verbose installManyTop reading scoped package data from /home/marco/apps/escrape2/node_modules/morgan/package.json
26 verbose installManyTop reading scoped package data from /home/marco/apps/escrape2/node_modules/ng-annotate/package.json
27 verbose installManyTop reading scoped package data from /home/marco/apps/escrape2/node_modules/random-ua/package.json
28 verbose installManyTop reading scoped package data from /home/marco/apps/escrape2/node_modules/request/package.json
29 verbose installManyTop reading scoped package data from /home/marco/apps/escrape2/node_modules/requestretry/package.json
30 verbose installManyTop reading scoped package data from /home/marco/apps/escrape2/node_modules/serve-favicon/package.json
31 verbose installManyTop reading scoped package data from /home/marco/apps/escrape2/node_modules/shelljs/package.json
32 verbose installManyTop reading scoped package data from /home/marco/apps/escrape2/node_modules/simple-node-logger/package.json
33 verbose installManyTop reading scoped package data from /home/marco/apps/escrape2/node_modules/sinon/package.json
34 verbose installManyTop reading scoped package data from /home/marco/apps/escrape2/node_modules/socket.io/package.json
35 verbose installManyTop reading scoped package data from /home/marco/apps/escrape2/node_modules/socks5-http-client/package.json
36 verbose installManyTop reading scoped package data from /home/marco/apps/escrape2/node_modules/superagent/package.json
37 info package.json imagediff@1.0.8 No license field.
38 info package.json random-ua@0.0.6 license should be a valid SPDX license expression
39 info package.json simple-node-logger@0.92.21 license should be a valid SPDX license expression
40 info package.json socket.io@1.3.7 No license field.
41 info package.json socks5-http-client@1.0.1 No license field.
42 info package.json shelljs@0.2.6 No license field.
43 info package.json jscs@2.2.1 No bin file found at ./bin/jscs
44 verbose readDependencies loading dependencies from /home/marco/apps/escrape2/package.json
45 silly cache add args [ 'phash', null ]
46 verbose cache add spec phash
47 silly cache add parsed spec { raw: 'phash',
47 silly cache add   scope: null,
47 silly cache add   name: 'phash',
47 silly cache add   rawSpec: '',
47 silly cache add   spec: '*',
47 silly cache add   type: 'range' }
48 silly addNamed phash@*
49 verbose addNamed "*" is a valid semver range for phash
50 silly addNameRange { name: 'phash', range: '*', hasData: false }
51 silly mapToRegistry name phash
52 silly mapToRegistry using default registry
53 silly mapToRegistry registry https://registry.npmjs.org/
54 silly mapToRegistry uri https://registry.npmjs.org/phash
55 verbose addNameRange registry:https://registry.npmjs.org/phash not in flight; fetching
56 verbose request uri https://registry.npmjs.org/phash
57 verbose request no auth needed
58 info attempt registry request try #1 at 12:17:17 AM
59 verbose request id 46da6ab5e7e5d370
60 verbose etag "8IGTB5PG27VGWDRDZ35NP9Q69"
61 http request GET https://registry.npmjs.org/phash
62 http 304 https://registry.npmjs.org/phash
63 silly get cb [ 304,
63 silly get   { date: 'Wed, 21 Oct 2015 22:17:18 GMT',
63 silly get     via: '1.1 varnish',
63 silly get     'cache-control': 'max-age=60',
63 silly get     etag: '"8IGTB5PG27VGWDRDZ35NP9Q69"',
63 silly get     age: '0',
63 silly get     connection: 'keep-alive',
63 silly get     'x-served-by': 'cache-fra1220-FRA',
63 silly get     'x-cache': 'MISS',
63 silly get     'x-cache-hits': '0',
63 silly get     'x-timer': 'S1445465838.085867,VS0,VE190',
63 silly get     vary: 'Accept' } ]
64 verbose etag https://registry.npmjs.org/phash from cache
65 verbose get saving phash to /home/marco/.npm/registry.npmjs.org/phash/.cache.json
66 silly addNameRange number 2 { name: 'phash', range: '*', hasData: true }
67 silly addNameRange versions [ 'phash', [ '0.0.1', '0.0.2', '0.0.3', '0.0.5' ] ]
68 silly addNamed phash@0.0.5
69 verbose addNamed "0.0.5" is a plain semver version for phash
70 silly cache afterAdd phash@0.0.5
71 verbose afterAdd /home/marco/.npm/phash/0.0.5/package/package.json not in flight; writing
72 verbose afterAdd /home/marco/.npm/phash/0.0.5/package/package.json written
73 silly install resolved [ { name: 'phash',
73 silly install resolved     version: '0.0.5',
73 silly install resolved     description: 'Bindings for node.js to pHash',
73 silly install resolved     main: 'index',
73 silly install resolved     repository:
73 silly install resolved      { type: 'git',
73 silly install resolved        url: 'git+https://github.com/aaronm67/node-phash.git' },
73 silly install resolved     devDependencies: { 'node-gyp': '*', should: '1.0.0', mocha: '1.3.0' },
73 silly install resolved     engines: { node: '>=0.8.0' },
73 silly install resolved     script:
73 silly install resolved      { preinstall: 'node-gyp configure build',
73 silly install resolved        preuninstall: 'rm -rf build/*' },
73 silly install resolved     directories: { test: 'tests' },
73 silly install resolved     scripts:
73 silly install resolved      { test: 'node-gyp configure build && mocha',
73 silly install resolved        install: 'node-gyp rebuild' },
73 silly install resolved     keywords: [ 'pHash', 'phash', 'libpHash', 'native', 'binding', 'addon' ],
73 silly install resolved     author: { name: 'Aaron Marasco', email: 'agm257@mail.missouri.edu' },
73 silly install resolved     contributors: [ [Object], [Object], [Object] ],
73 silly install resolved     gypfile: true,
73 silly install resolved     readme: '# node-phash\n\n  node-pash is [pHash](http://www.phash.org/) bindings for node.js.\n\n  Phash is a library that will create a "perceptual hash" of media files, so similar files will return similar hashes. Typically to compare hashes, \n  a simple [Hamming distance](http://en.wikipedia.org/wiki/Hamming_distance) between the two hashes is a good indicator of how similar two\n  media files are.\n\n  Current version supports only image hashing. (no video & audio hashing)\n  \n  [![Build Status](https://travis-ci.org/aaronm67/node-phash.png?branch=master)](https://travis-ci.org/aaronm67/node-phash)\n\n## Installation\n\nnode-phash depends on  [CImg](http://cimg.sourceforge.net/), [pHash](http://www.phash.org/), [ImageMagicK](http://www.imagemagick.org/).\n\nOn Ubuntu:\n\n    sudo apt-get install cimg-dev libphash0-dev libmagickcore-dev\n\nOn OSX:\n\n    brew install phash imagemagick\n\nThen, install using npm:\n\n    $ npm install phash\n\n## Functions\n\n```js\n\n// asynchronous hash\nimageHash(filename, function(err, hash));\n\n// synchronous hash\nvar hash = imageHashSync(filename);\n\nhammingDistance(hash1, hash2);\n```\n\n## Usage\n\n```js\nvar pHash = require("phash");\n\npHash.imageHash("file.jpg", function(err, hash) {\n    if (err) {\n        throw err;\n    }\n\n    // hash is the pHash of file.jpg\n});\n\nvar hashA = pHash.imageHashSync("a.jpg");\nvar hashB = pHash.imageHashSync("b.png");\nvar hammingAB = pHash.hammingDistance(hashA,hashB);\nconsole.log("Hamming Distance A -> B: " + hammingAB);\n```\n',
73 silly install resolved     readmeFilename: 'README.md',
73 silly install resolved     _id: 'phash@0.0.5',
73 silly install resolved     dist:
73 silly install resolved      { shasum: 'a4d789f5e4d44d9ce3dabf0bdb60a3871577134a',
73 silly install resolved        tarball: 'http://registry.npmjs.org/phash/-/phash-0.0.5.tgz' },
73 silly install resolved     _from: 'phash@*',
73 silly install resolved     _npmVersion: '1.2.17',
73 silly install resolved     _npmUser: { name: 'xissy', email: 'xissysnd@gmail.com' },
73 silly install resolved     maintainers: [ [Object] ],
73 silly install resolved     _shasum: 'a4d789f5e4d44d9ce3dabf0bdb60a3871577134a',
73 silly install resolved     _resolved: 'https://registry.npmjs.org/phash/-/phash-0.0.5.tgz',
73 silly install resolved     bugs: { url: 'https://github.com/aaronm67/node-phash/issues' },
73 silly install resolved     homepage: 'https://github.com/aaronm67/node-phash#readme' } ]
74 info install phash@0.0.5 into /home/marco/apps/escrape2
75 info installOne phash@0.0.5
76 verbose installOne of phash to /home/marco/apps/escrape2 not in flight; installing
77 verbose lock using /home/marco/.npm/_locks/phash-f7020a8ef1eb12b1.lock for /home/marco/apps/escrape2/node_modules/phash
78 silly install write writing phash 0.0.5 to /home/marco/apps/escrape2/node_modules/phash
79 verbose unbuild node_modules/phash
80 silly gentlyRm /home/marco/apps/escrape2/node_modules/phash is being purged from base /home/marco/apps/escrape2
81 verbose gentlyRm don't care about contents; nuking /home/marco/apps/escrape2/node_modules/phash
82 verbose tar unpack /home/marco/.npm/phash/0.0.5/package.tgz
83 verbose tar unpacking to /home/marco/apps/escrape2/node_modules/phash
84 silly gentlyRm /home/marco/apps/escrape2/node_modules/phash is being purged
85 verbose gentlyRm don't care about contents; nuking /home/marco/apps/escrape2/node_modules/phash
86 silly gunzTarPerm modes [ '775', '664' ]
87 silly gunzTarPerm extractEntry package.json
88 silly gunzTarPerm modified mode [ 'package.json', 420, 436 ]
89 silly gunzTarPerm extractEntry .npmignore
90 silly gunzTarPerm modified mode [ '.npmignore', 420, 436 ]
91 silly gunzTarPerm extractEntry README.md
92 silly gunzTarPerm modified mode [ 'README.md', 420, 436 ]
93 silly gunzTarPerm extractEntry LICENSE
94 silly gunzTarPerm modified mode [ 'LICENSE', 420, 436 ]
95 silly gunzTarPerm extractEntry index.js
96 silly gunzTarPerm modified mode [ 'index.js', 420, 436 ]
97 silly gunzTarPerm extractEntry .travis.yml
98 silly gunzTarPerm modified mode [ '.travis.yml', 420, 436 ]
99 silly gunzTarPerm extractEntry test/test.js
100 silly gunzTarPerm modified mode [ 'test/test.js', 420, 436 ]
101 silly gunzTarPerm extractEntry lib/index.js
102 silly gunzTarPerm modified mode [ 'lib/index.js', 420, 436 ]
103 silly gunzTarPerm extractEntry binding.gyp
104 silly gunzTarPerm modified mode [ 'binding.gyp', 420, 436 ]
105 silly gunzTarPerm extractEntry phash.cpp
106 silly gunzTarPerm modified mode [ 'phash.cpp', 420, 436 ]
107 silly gunzTarPerm extractEntry examples/a.jpg
108 silly gunzTarPerm modified mode [ 'examples/a.jpg', 420, 436 ]
109 silly gunzTarPerm extractEntry examples/b.png
110 silly gunzTarPerm modified mode [ 'examples/b.png', 420, 436 ]
111 silly gunzTarPerm extractEntry examples/c.png
112 silly gunzTarPerm modified mode [ 'examples/c.png', 420, 436 ]
113 silly gunzTarPerm extractEntry examples/d.jpg
114 silly gunzTarPerm modified mode [ 'examples/d.jpg', 420, 436 ]
115 silly gunzTarPerm extractEntry examples/f.png
116 silly gunzTarPerm modified mode [ 'examples/f.png', 420, 436 ]
117 silly gunzTarPerm extractEntry examples/g.jpg
118 silly gunzTarPerm modified mode [ 'examples/g.jpg', 420, 436 ]
119 silly gunzTarPerm extractEntry examples/h.jpg
120 silly gunzTarPerm modified mode [ 'examples/h.jpg', 420, 436 ]
121 verbose write writing to /home/marco/apps/escrape2/node_modules/phash/package.json
122 info preinstall phash@0.0.5
123 verbose readDependencies loading dependencies from /home/marco/apps/escrape2/node_modules/phash/package.json
124 verbose readDependencies loading dependencies from /home/marco/apps/escrape2/node_modules/phash/package.json
125 silly install resolved []
126 verbose about to build /home/marco/apps/escrape2/node_modules/phash
127 info build /home/marco/apps/escrape2/node_modules/phash
128 info linkStuff phash@0.0.5
129 silly linkStuff phash@0.0.5 has /home/marco/apps/escrape2/node_modules as its parent node_modules
130 verbose linkBins phash@0.0.5
131 verbose linkMans phash@0.0.5
132 verbose rebuildBundles phash@0.0.5
133 info install phash@0.0.5
134 verbose unsafe-perm in lifecycle true
135 info phash@0.0.5 Failed to exec install script
136 verbose unlock done using /home/marco/.npm/_locks/phash-f7020a8ef1eb12b1.lock for /home/marco/apps/escrape2/node_modules/phash
137 verbose stack Error: phash@0.0.5 install: `node-gyp rebuild`
137 verbose stack Exit status 1
137 verbose stack     at EventEmitter.<anonymous> (/usr/local/lib/node_modules/npm/lib/utils/lifecycle.js:213:16)
137 verbose stack     at EventEmitter.emit (events.js:110:17)
137 verbose stack     at ChildProcess.<anonymous> (/usr/local/lib/node_modules/npm/lib/utils/spawn.js:24:14)
137 verbose stack     at ChildProcess.emit (events.js:110:17)
137 verbose stack     at maybeClose (child_process.js:1015:16)
137 verbose stack     at Process.ChildProcess._handle.onexit (child_process.js:1087:5)
138 verbose pkgid phash@0.0.5
139 verbose cwd /home/marco/apps/escrape2
140 error Linux 3.19.0-31-generic
141 error argv "/usr/local/bin/node" "/usr/local/bin/npm" "install" "phash" "--save"
142 error node v0.12.7
143 error npm  v2.11.3
144 error code ELIFECYCLE
145 error phash@0.0.5 install: `node-gyp rebuild`
145 error Exit status 1
146 error Failed at the phash@0.0.5 install script 'node-gyp rebuild'.
146 error This is most likely a problem with the phash package,
146 error not with npm itself.
146 error Tell the author that this fails on your system:
146 error     node-gyp rebuild
146 error You can get their info via:
146 error     npm owner ls phash
146 error There is likely additional logging output above.
147 verbose exit [ 1, true ]
148 verbose unbuild node_modules/phash
149 info preuninstall phash@0.0.5
150 info uninstall phash@0.0.5
151 verbose unbuild rmStuff phash@0.0.5 from /home/marco/apps/escrape2/node_modules
152 info postuninstall phash@0.0.5
153 silly gentlyRm /home/marco/apps/escrape2/node_modules/phash is being purged from base /home/marco/apps/escrape2
154 verbose gentlyRm don't care about contents; nuking /home/marco/apps/escrape2/node_modules/phash
155 silly vacuum-fs purging /home/marco/apps/escrape2/node_modules/phash
156 silly vacuum-fs quitting because other entries in /home/marco/apps/escrape2/node_modules
