0 info it worked if it ends with ok
1 verbose cli [ '/usr/bin/node', '/usr/bin/npm', 'install', 'node-phash' ]
2 info using npm@1.4.28
3 info using node@v0.10.40
4 verbose readDependencies using package.json deps
5 verbose cache add [ 'node-phash', null ]
6 verbose cache add name=undefined spec="node-phash" args=["node-phash",null]
7 verbose parsed url { protocol: null,
7 verbose parsed url   slashes: null,
7 verbose parsed url   auth: null,
7 verbose parsed url   host: null,
7 verbose parsed url   port: null,
7 verbose parsed url   hostname: null,
7 verbose parsed url   hash: null,
7 verbose parsed url   search: null,
7 verbose parsed url   query: null,
7 verbose parsed url   pathname: 'node-phash',
7 verbose parsed url   path: 'node-phash',
7 verbose parsed url   href: 'node-phash' }
8 silly lockFile 5c6e2e7f-node-phash node-phash
9 verbose lock node-phash /home/msolari/.npm/5c6e2e7f-node-phash.lock
10 silly lockFile 5c6e2e7f-node-phash node-phash
11 silly lockFile 5c6e2e7f-node-phash node-phash
12 verbose addNamed [ 'node-phash', '' ]
13 verbose addNamed [ null, '*' ]
14 silly lockFile 514ce969-node-phash node-phash@
15 verbose lock node-phash@ /home/msolari/.npm/514ce969-node-phash.lock
16 silly addNameRange { name: 'node-phash', range: '*', hasData: false }
17 verbose request where is /node-phash
18 verbose request registry https://registry.npmjs.org/
19 verbose request id 03c7681a83520c41
20 verbose url raw /node-phash
21 verbose url resolving [ 'https://registry.npmjs.org/', './node-phash' ]
22 verbose url resolved https://registry.npmjs.org/node-phash
23 verbose request where is https://registry.npmjs.org/node-phash
24 info trying registry request attempt 1 at 10:49:42
25 http GET https://registry.npmjs.org/node-phash
26 http 404 https://registry.npmjs.org/node-phash
27 silly registry.get cb [ 404,
27 silly registry.get   { server: 'CouchDB/1.5.0 (Erlang OTP/R16B03)',
27 silly registry.get     etag: '"5LK4MDRP9IHRDD0OXY025Q5CO"',
27 silly registry.get     'content-type': 'application/json',
27 silly registry.get     'cache-control': 'max-age=0',
27 silly registry.get     'content-length': '475',
27 silly registry.get     'accept-ranges': 'bytes',
27 silly registry.get     date: 'Tue, 15 Sep 2015 08:49:15 GMT',
27 silly registry.get     via: '1.1 varnish',
27 silly registry.get     age: '0',
27 silly registry.get     connection: 'keep-alive',
27 silly registry.get     'x-served-by': 'cache-ams4132-AMS',
27 silly registry.get     'x-cache': 'MISS',
27 silly registry.get     'x-cache-hits': '0',
27 silly registry.get     'x-timer': 'S1442306955.057917,VS0,VE95',
27 silly registry.get     vary: 'Accept' } ]
28 silly lockFile 514ce969-node-phash node-phash@
29 silly lockFile 514ce969-node-phash node-phash@
30 error 404 Not Found
30 error 404
30 error 404 'node-phash' is not in the npm registry.
30 error 404 You should bug the author to publish it
30 error 404 It was specified as a dependency of 'escrape2'
30 error 404
30 error 404 Maybe try 'npm search phash'
30 error 404
30 error 404 Note that you can also install from a
30 error 404 tarball, folder, or http url, or git url.
31 error System Linux 2.6.32-504.12.2.el6.x86_64
32 error command "/usr/bin/node" "/usr/bin/npm" "install" "node-phash"
33 error cwd /home/msolari/apps/escrape2/pHash-0.9.6
34 error node -v v0.10.40
35 error npm -v 1.4.28
36 error code E404
37 verbose exit [ 1, true ]
